Build started 3/18/2015 6:47:54 PM.
     1>Project "C:\Users\mp755\documents\visual studio 2013\Projects\Lab6\Lab6\Lab6.vcxproj" on node 2 (Build target(s)).
     1>ClCompile:
         C:\Program Files (x86)\Microsoft Visual Studio 12.0\VC\bin\CL.exe /c /I"C:\Users\mp755\documents\visual studio 2013\Projects\Lab6\packages\nupengl.core.0.0.0.1\build\native\../..//build/native/include/" /ZI /nologo /W3 /WX- /sdl /Od /Oy- /D _MBCS /Gm /EHsc /RTC1 /MDd /GS /fp:precise /Zc:wchar_t /Zc:forScope /Fo"Debug\\" /Fd"Debug\vc120.pdb" /Gd /TP /analyze- /errorReport:prompt "..\..\..\..\..\Desktop\SPRING 2015\Work\CMPSC 457\Labs\Lab 5\Lab5\Source.cpp"
         Source.cpp
     1>c:\users\mp755\desktop\spring 2015\work\cmpsc 457\labs\lab 5\lab5\source.cpp(44): warning C4305: 'initializing' : truncation from 'double' to 'GLfloat'
     1>c:\users\mp755\desktop\spring 2015\work\cmpsc 457\labs\lab 5\lab5\source.cpp(54): warning C4305: 'initializing' : truncation from 'double' to 'GLfloat'
     1>c:\users\mp755\desktop\spring 2015\work\cmpsc 457\labs\lab 5\lab5\source.cpp(55): warning C4305: 'initializing' : truncation from 'double' to 'GLfloat'
     1>c:\users\mp755\desktop\spring 2015\work\cmpsc 457\labs\lab 5\lab5\source.cpp(56): warning C4305: 'initializing' : truncation from 'double' to 'GLfloat'
     1>c:\users\mp755\desktop\spring 2015\work\cmpsc 457\labs\lab 5\lab5\source.cpp(60): warning C4305: 'initializing' : truncation from 'double' to 'GLfloat'
     1>c:\users\mp755\desktop\spring 2015\work\cmpsc 457\labs\lab 5\lab5\source.cpp(61): warning C4305: 'initializing' : truncation from 'double' to 'GLfloat'
     1>c:\users\mp755\desktop\spring 2015\work\cmpsc 457\labs\lab 5\lab5\source.cpp(84): warning C4305: 'argument' : truncation from 'double' to 'GLfloat'
     1>c:\users\mp755\desktop\spring 2015\work\cmpsc 457\labs\lab 5\lab5\source.cpp(90): warning C4305: 'argument' : truncation from 'double' to 'GLfloat'
     1>c:\users\mp755\desktop\spring 2015\work\cmpsc 457\labs\lab 5\lab5\source.cpp(92): warning C4305: 'argument' : truncation from 'double' to 'GLfloat'
     1>c:\users\mp755\desktop\spring 2015\work\cmpsc 457\labs\lab 5\lab5\source.cpp(95): warning C4305: 'argument' : truncation from 'double' to 'GLfloat'
     1>c:\users\mp755\desktop\spring 2015\work\cmpsc 457\labs\lab 5\lab5\source.cpp(126): warning C4305: 'argument' : truncation from 'double' to 'GLfloat'
     1>c:\users\mp755\desktop\spring 2015\work\cmpsc 457\labs\lab 5\lab5\source.cpp(136): warning C4305: 'argument' : truncation from 'double' to 'GLfloat'
     1>c:\users\mp755\desktop\spring 2015\work\cmpsc 457\labs\lab 5\lab5\source.cpp(137): warning C4305: 'argument' : truncation from 'double' to 'GLfloat'
     1>c:\users\mp755\desktop\spring 2015\work\cmpsc 457\labs\lab 5\lab5\source.cpp(147): warning C4305: 'argument' : truncation from 'double' to 'GLfloat'
     1>c:\users\mp755\desktop\spring 2015\work\cmpsc 457\labs\lab 5\lab5\source.cpp(152): warning C4305: 'argument' : truncation from 'double' to 'GLfloat'
     1>c:\users\mp755\desktop\spring 2015\work\cmpsc 457\labs\lab 5\lab5\source.cpp(157): warning C4305: 'argument' : truncation from 'double' to 'GLfloat'
     1>c:\users\mp755\desktop\spring 2015\work\cmpsc 457\labs\lab 5\lab5\source.cpp(162): warning C4305: 'argument' : truncation from 'double' to 'GLfloat'
     1>c:\users\mp755\desktop\spring 2015\work\cmpsc 457\labs\lab 5\lab5\source.cpp(167): warning C4305: 'argument' : truncation from 'double' to 'GLfloat'
     1>c:\users\mp755\desktop\spring 2015\work\cmpsc 457\labs\lab 5\lab5\source.cpp(189): warning C4305: 'argument' : truncation from 'double' to 'GLfloat'
     1>c:\users\mp755\desktop\spring 2015\work\cmpsc 457\labs\lab 5\lab5\source.cpp(191): warning C4305: 'argument' : truncation from 'double' to 'GLfloat'
     1>c:\users\mp755\desktop\spring 2015\work\cmpsc 457\labs\lab 5\lab5\source.cpp(193): warning C4305: 'argument' : truncation from 'double' to 'GLfloat'
     1>c:\users\mp755\desktop\spring 2015\work\cmpsc 457\labs\lab 5\lab5\source.cpp(317): warning C4244: '-=' : conversion from 'double' to 'float', possible loss of data
     1>c:\users\mp755\desktop\spring 2015\work\cmpsc 457\labs\lab 5\lab5\source.cpp(320): warning C4244: '+=' : conversion from 'double' to 'float', possible loss of data
     1>c:\users\mp755\desktop\spring 2015\work\cmpsc 457\labs\lab 5\lab5\source.cpp(331): warning C4244: 'initializing' : conversion from 'double' to 'float', possible loss of data
       Link:
         C:\Program Files (x86)\Microsoft Visual Studio 12.0\VC\bin\link.exe /ERRORREPORT:PROMPT /OUT:"C:\Users\mp755\documents\visual studio 2013\Projects\Lab6\Debug\Lab6.exe" /INCREMENTAL /NOLOGO "C:\Users\mp755\documents\visual studio 2013\Projects\Lab6\packages\nupengl.core.0.0.0.1\build\native\../..//build/native/lib/Win32\v120\glew32.lib" "C:\Users\mp755\documents\visual studio 2013\Projects\Lab6\packages\nupengl.core.0.0.0.1\build\native\../..//build/native/lib/Win32\v120\glfw3dll.lib" "C:\Users\mp755\documents\visual studio 2013\Projects\Lab6\packages\nupengl.core.0.0.0.1\build\native\../..//build/native/lib/Win32\v120\freeglut.lib" kernel32.lib user32.lib gdi32.lib winspool.lib comdlg32.lib advapi32.lib shell32.lib ole32.lib oleaut32.lib uuid.lib odbc32.lib odbccp32.lib /MANIFEST /MANIFESTUAC:"level='asInvoker' uiAccess='false'" /manifest:embed /DEBUG /PDB:"C:\Users\mp755\documents\visual studio 2013\Projects\Lab6\Debug\Lab6.pdb" /TLBID:1 /DYNAMICBASE /NXCOMPAT /IMPLIB:"C:\Users\mp755\documents\visual studio 2013\Projects\Lab6\Debug\Lab6.lib" /MACHINE:X86 Debug\Source.obj
         Lab6.vcxproj -> C:\Users\mp755\documents\visual studio 2013\Projects\Lab6\Debug\Lab6.exe
     1>Done Building Project "C:\Users\mp755\documents\visual studio 2013\Projects\Lab6\Lab6\Lab6.vcxproj" (Build target(s)).

Build succeeded.

Time Elapsed 00:00:07.84
